[35m[Appium][39m Welcome to Appium v2.5.1
[35m[Appium][39m Non-default server args:
[35m[Appium][39m { basePath: [32m'/wd/hub'[39m, loglevel: [32m'info'[39m, port: [33m60481[39m }
[35m[Appium][39m Attempting to load driver uiautomator2...
[35m[Appium][39m Appium REST http interface listener started on http://0.0.0.0:60481/wd/hub
[35m[Appium][39m You can provide the following URLs in your client code to connect to this server:
[35m[Appium][39m 	http://192.168.71.142:60481/wd/hub
[35m[Appium][39m 	http://127.0.0.1:60481/wd/hub (only accessible from the same host)
[35m[Appium][39m Available drivers:
[35m[Appium][39m   - uiautomator2@3.0.0 (automationName 'UiAutomator2')
[35m[Appium][39m No plugins have been installed. Use the "appium plugin" command to install the one(s) you want to use.
[38;5;0m[HTTP][0m [37m-->[39m [37mGET[39m [37m/wd/hub/status[39m
[38;5;0m[HTTP][0m [90m{}[39m
[38;5;0m[HTTP][0m [37m<-- GET /wd/hub/status [39m[32m200[39m [90m5 ms - 110[39m
[38;5;0m[HTTP][0m [90m[39m
[38;5;0m[HTTP][0m [37m-->[39m [37mGET[39m [37m/wd/hub/status[39m
[38;5;0m[HTTP][0m [90m{}[39m
[38;5;0m[HTTP][0m [37m<-- GET /wd/hub/status [39m[32m200[39m [90m1 ms - 110[39m
[38;5;0m[HTTP][0m [90m[39m
[38;5;0m[HTTP][0m [37m-->[39m [37mPOST[39m [37m/wd/hub/session[39m
[38;5;0m[HTTP][0m [90m{"desiredCapabilities":{"appium:systemPort":8239,"appium:udid":"R9RT606LT6V","appium:autoGrantPermissions":true,"appium:newCommandTimeout":1800,"appium:platformName":"ANDROID","appium:appActivity":".Settings","appium:deviceName":"samsung SM-A032F (Android 13)","platformName":"Android","appium:automationName":"uiautomator2","appium:platformVersion":"13","appium:appPackage":"com.android.settings"},"capabilities":{"firstMatch":[{"appium:appActivity":".Settings","appium:appPackage":"com.android.settings","appium:autoGrantPermissions":true,"appium:automationName":"uiautomator2","appium:deviceName":"samsung SM-A032F (Android 13)","appium:newCommandTimeout":1800,"appium:platformName":"ANDROID","appium:platformVersion":"13","appium:systemPort":8239,"appium:udid":"R9RT606LT6V","platformName":"android"}]}}[39m
[38;5;32m[BaseDriver][0m Ignoring capability 'appium:platformName=ANDROID' and using capability 'platformName=android'
[38;5;32m[BaseDriver][0m The capabilities ["platformName"] are standard capabilities and do not require "appium:" prefix
[35m[Appium][39m Attempting to find matching driver for automationName 'uiautomator2' and platformName 'android'
[35m[Appium][39m The 'uiautomator2' driver was installed and matched caps.
[35m[Appium][39m Will require it at C:\Users\hp\.appium\node_modules\appium-uiautomator2-driver
[38;5;16m[AppiumDriver@05fc][0m Appium v2.5.1 creating new AndroidUiautomator2Driver (v3.0.0) session
[38;5;16m[AppiumDriver@05fc][0m Checking BaseDriver versions for Appium and AndroidUiautomator2Driver
[38;5;16m[AppiumDriver@05fc][0m Appium's BaseDriver version is 9.5.2
[38;5;16m[AppiumDriver@05fc][0m AndroidUiautomator2Driver's BaseDriver version is 9.5.2
[38;5;48m[AndroidUiautomator2Driver@bb41 (c0a865ca)][0m Session created with session id: c0a865ca-07ba-4a28-95e0-dcd2480bcaf8
[38;5;64m[ADB][0m Found 1 'build-tools' folders under 'C:\Users\hp\.katalon\tools\android_sdk' (newest first):
[38;5;64m[ADB][0m     C:\Users\hp\.katalon\tools\android_sdk\build-tools\29.0.3
[38;5;64m[ADB][0m Using 'adb.exe' from 'C:\Users\hp\.katalon\tools\android_sdk\platform-tools\adb.exe'
[38;5;48m[AndroidUiautomator2Driver@bb41 (c0a865ca)][0m Retrieving device list
[38;5;48m[AndroidUiautomator2Driver@bb41 (c0a865ca)][0m Using device: R9RT606LT6V
[38;5;64m[ADB][0m Using 'adb.exe' from 'C:\Users\hp\.katalon\tools\android_sdk\platform-tools\adb.exe'
[38;5;48m[AndroidUiautomator2Driver@bb41 (c0a865ca)][0m Starting 'com.android.settings' directly on the device
[38;5;64m[ADB][0m Getting device platform version
[38;5;48m[AndroidUiautomator2Driver@bb41 (c0a865ca)][0m Relaxing hidden api policy
[38;5;48m[AndroidUiautomator2Driver@bb41 (c0a865ca)][0m No app sent in, not parsing package/activity
[38;5;64m[ADB][0m Using 'apksigner.jar' from 'C:\Users\hp\.katalon\tools\android_sdk\build-tools\29.0.3\lib\apksigner.jar'
[38;5;64m[ADB][0m 'C:\Users\hp\.appium\node_modules\appium-uiautomator2-driver\node_modules\appium-uiautomator2-server\apks\appium-uiautomator2-server-debug-androidTest.apk' is signed with the default certificate
[38;5;64m[ADB][0m 'C:\Users\hp\.appium\node_modules\appium-uiautomator2-driver\node_modules\appium-uiautomator2-server\apks\appium-uiautomator2-server-v7.0.0.apk' is signed with the default certificate
[38;5;48m[AndroidUiautomator2Driver@bb41 (c0a865ca)][0m Server packages are not going to be (re)installed
[38;5;64m[ADB][0m Adding packages ["io.appium.settings","io.appium.uiautomator2.server","io.appium.uiautomator2.server.test"] to Doze whitelist
[38;5;48m[AndroidUiautomator2Driver@bb41 (c0a865ca)][0m Starting UIAutomator2 server 7.0.0
[38;5;48m[AndroidUiautomator2Driver@bb41 (c0a865ca)][0m Using UIAutomator2 server from 'C:\Users\hp\.appium\node_modules\appium-uiautomator2-driver\node_modules\appium-uiautomator2-server\apks\appium-uiautomator2-server-v7.0.0.apk' and test from 'C:\Users\hp\.appium\node_modules\appium-uiautomator2-driver\node_modules\appium-uiautomator2-server\apks\appium-uiautomator2-server-debug-androidTest.apk'
[38;5;48m[AndroidUiautomator2Driver@bb41 (c0a865ca)][0m Waiting up to 30000ms for UiAutomator2 to be online...
[38;5;48m[AndroidUiautomator2Driver@bb41 (c0a865ca)][0m socket hang up
[38;5;48m[AndroidUiautomator2Driver@bb41 (c0a865ca)][0m socket hang up
[38;5;48m[AndroidUiautomator2Driver@bb41 (c0a865ca)][0m socket hang up
[38;5;48m[AndroidUiautomator2Driver@bb41 (c0a865ca)][0m socket hang up
[38;5;48m[AndroidUiautomator2Driver@bb41 (c0a865ca)][0m socket hang up
[38;5;48m[AndroidUiautomator2Driver@bb41 (c0a865ca)][0m socket hang up
[38;5;48m[AndroidUiautomator2Driver@bb41 (c0a865ca)][0m socket hang up
[38;5;48m[AndroidUiautomator2Driver@bb41 (c0a865ca)][0m socket hang up
[38;5;48m[AndroidUiautomator2Driver@bb41 (c0a865ca)][0m socket hang up
[38;5;48m[AndroidUiautomator2Driver@bb41 (c0a865ca)][0m Determined the downstream protocol as 'W3C'
[38;5;48m[AndroidUiautomator2Driver@bb41 (c0a865ca)][0m Neither 'unlockType' nor 'unlockKey' capability is provided. Assuming the device is locked with a simple lock screen.
[38;5;64m[ADB][0m Waking up the device to dismiss the keyguard
[38;5;48m[AndroidUiautomator2Driver@bb41 (c0a865ca)][0m Starting 'com.android.settings/.Settings and waiting for 'com.android.settings/.Settings'
[38;5;16m[AppiumDriver@05fc][0m New AndroidUiautomator2Driver session created successfully, session c0a865ca-07ba-4a28-95e0-dcd2480bcaf8 added to master session list
[38;5;0m[HTTP][0m [37m<-- POST /wd/hub/session [39m[32m200[39m [90m16031 ms - 1081[39m
[38;5;0m[HTTP][0m [90m[39m
[38;5;0m[HTTP][0m [37m-->[39m [37mGET[39m [37m/wd/hub/session/c0a865ca-07ba-4a28-95e0-dcd2480bcaf8[39m
[38;5;0m[HTTP][0m [90m{}[39m
[38;5;0m[HTTP][0m [37m<-- GET /wd/hub/session/c0a865ca-07ba-4a28-95e0-dcd2480bcaf8 [39m[32m200[39m [90m43 ms - 312[39m
[38;5;0m[HTTP][0m [90m[39m
[38;5;0m[HTTP][0m [37m-->[39m [37mGET[39m [37m/wd/hub/session/c0a865ca-07ba-4a28-95e0-dcd2480bcaf8[39m
[38;5;0m[HTTP][0m [90m{}[39m
[38;5;0m[HTTP][0m [37m<-- GET /wd/hub/session/c0a865ca-07ba-4a28-95e0-dcd2480bcaf8 [39m[32m200[39m [90m42 ms - 312[39m
[38;5;0m[HTTP][0m [90m[39m
[38;5;0m[HTTP][0m [37m-->[39m [37mGET[39m [37m/wd/hub/status[39m
[38;5;0m[HTTP][0m [90m{}[39m
[38;5;0m[HTTP][0m [37m<-- GET /wd/hub/status [39m[32m200[39m [90m1 ms - 110[39m
[38;5;0m[HTTP][0m [90m[39m
[38;5;0m[HTTP][0m [37m-->[39m [37mPOST[39m [37m/wd/hub/session/c0a865ca-07ba-4a28-95e0-dcd2480bcaf8/timeouts[39m
[38;5;0m[HTTP][0m [90m{"implicit":60000}[39m
[38;5;0m[HTTP][0m [37m<-- POST /wd/hub/session/c0a865ca-07ba-4a28-95e0-dcd2480bcaf8/timeouts [39m[32m200[39m [90m2 ms - 14[39m
[38;5;0m[HTTP][0m [90m[39m
[38;5;0m[HTTP][0m [37m-->[39m [37mGET[39m [37m/wd/hub/session/c0a865ca-07ba-4a28-95e0-dcd2480bcaf8/appium/device/system_bars[39m
[38;5;0m[HTTP][0m [90m{}[39m
[38;5;0m[HTTP][0m [37m<-- GET /wd/hub/session/c0a865ca-07ba-4a28-95e0-dcd2480bcaf8/appium/device/system_bars [39m[32m200[39m [90m201 ms - 148[39m
[38;5;0m[HTTP][0m [90m[39m
[38;5;0m[HTTP][0m [37m-->[39m [37mPOST[39m [37m/wd/hub/session/c0a865ca-07ba-4a28-95e0-dcd2480bcaf8/appium/device/activate_app[39m
[38;5;0m[HTTP][0m [90m{"bundleId":"io.appium.android.apis"}[39m
[38;5;0m[HTTP][0m [37m<-- POST /wd/hub/session/c0a865ca-07ba-4a28-95e0-dcd2480bcaf8/appium/device/activate_app [39m[32m200[39m [90m180 ms - 14[39m
[38;5;0m[HTTP][0m [90m[39m
[38;5;0m[HTTP][0m [37m-->[39m [37mGET[39m [37m/wd/hub/session/c0a865ca-07ba-4a28-95e0-dcd2480bcaf8/source[39m
[38;5;0m[HTTP][0m [90m{}[39m
[38;5;48m[AndroidUiautomator2Driver@bb41 (c0a865ca)][0m Driver proxy active, passing request on via HTTP proxy
[38;5;48m[AndroidUiautomator2Driver@bb41 (c0a865ca)][0m Replacing sessionId e44a2c6a-1726-4c15-b779-819a8faf47db with c0a865ca-07ba-4a28-95e0-dcd2480bcaf8
[38;5;0m[HTTP][0m [37m<-- GET /wd/hub/session/c0a865ca-07ba-4a28-95e0-dcd2480bcaf8/source [39m[32m200[39m [90m1442 ms - 8972[39m
[38;5;0m[HTTP][0m [90m[39m
[38;5;0m[HTTP][0m [37m-->[39m [37mGET[39m [37m/wd/hub/session/c0a865ca-07ba-4a28-95e0-dcd2480bcaf8/screenshot[39m
[38;5;0m[HTTP][0m [90m{}[39m
[38;5;0m[HTTP][0m [37m<-- GET /wd/hub/session/c0a865ca-07ba-4a28-95e0-dcd2480bcaf8/screenshot [39m[32m200[39m [90m1154 ms - 70688[39m
[38;5;0m[HTTP][0m [90m[39m
[38;5;0m[HTTP][0m [37m-->[39m [37mGET[39m [37m/wd/hub/session/c0a865ca-07ba-4a28-95e0-dcd2480bcaf8/source[39m
[38;5;0m[HTTP][0m [90m{}[39m
[38;5;48m[AndroidUiautomator2Driver@bb41 (c0a865ca)][0m Driver proxy active, passing request on via HTTP proxy
[38;5;48m[AndroidUiautomator2Driver@bb41 (c0a865ca)][0m Replacing sessionId e44a2c6a-1726-4c15-b779-819a8faf47db with c0a865ca-07ba-4a28-95e0-dcd2480bcaf8
[38;5;0m[HTTP][0m [37m<-- GET /wd/hub/session/c0a865ca-07ba-4a28-95e0-dcd2480bcaf8/source [39m[32m200[39m [90m743 ms - 8972[39m
[38;5;0m[HTTP][0m [90m[39m
[38;5;0m[HTTP][0m [37m-->[39m [37mGET[39m [37m/wd/hub/session/c0a865ca-07ba-4a28-95e0-dcd2480bcaf8/screenshot[39m
[38;5;0m[HTTP][0m [90m{}[39m
[38;5;0m[HTTP][0m [37m<-- GET /wd/hub/session/c0a865ca-07ba-4a28-95e0-dcd2480bcaf8/screenshot [39m[32m200[39m [90m1930 ms - 69996[39m
[38;5;0m[HTTP][0m [90m[39m
[38;5;0m[HTTP][0m [37m-->[39m [37mPOST[39m [37m/wd/hub/session/c0a865ca-07ba-4a28-95e0-dcd2480bcaf8/elements[39m
[38;5;0m[HTTP][0m [90m{"using":"xpath","value":"//*[@class = 'android.widget.TextView' and (@text = 'Preference' or . = 'Preference') and @resource-id = 'android:id/text1']"}[39m
[38;5;0m[HTTP][0m [37m<-- POST /wd/hub/session/c0a865ca-07ba-4a28-95e0-dcd2480bcaf8/elements [39m[32m200[39m [90m11086 ms - 139[39m
[38;5;0m[HTTP][0m [90m[39m
[38;5;0m[HTTP][0m [37m-->[39m [37mGET[39m [37m/wd/hub/session/c0a865ca-07ba-4a28-95e0-dcd2480bcaf8/source[39m
[38;5;0m[HTTP][0m [90m{}[39m
[38;5;48m[AndroidUiautomator2Driver@bb41 (c0a865ca)][0m Driver proxy active, passing request on via HTTP proxy
[38;5;48m[AndroidUiautomator2Driver@bb41 (c0a865ca)][0m Replacing sessionId e44a2c6a-1726-4c15-b779-819a8faf47db with c0a865ca-07ba-4a28-95e0-dcd2480bcaf8
[38;5;0m[HTTP][0m [37m<-- GET /wd/hub/session/c0a865ca-07ba-4a28-95e0-dcd2480bcaf8/source [39m[32m200[39m [90m604 ms - 7843[39m
[38;5;0m[HTTP][0m [90m[39m
[38;5;0m[HTTP][0m [37m-->[39m [37mGET[39m [37m/wd/hub/session/c0a865ca-07ba-4a28-95e0-dcd2480bcaf8/screenshot[39m
[38;5;0m[HTTP][0m [90m{}[39m
[38;5;0m[HTTP][0m [37m<-- GET /wd/hub/session/c0a865ca-07ba-4a28-95e0-dcd2480bcaf8/screenshot [39m[32m200[39m [90m1877 ms - 82484[39m
[38;5;0m[HTTP][0m [90m[39m
[38;5;0m[HTTP][0m [37m-->[39m [37mPOST[39m [37m/wd/hub/session/c0a865ca-07ba-4a28-95e0-dcd2480bcaf8/elements[39m
[38;5;0m[HTTP][0m [90m{"using":"xpath","value":"//*[@class = 'android.widget.TextView' and (@text = '3. Preference dependencies' or . = '3. Preference dependencies') and @resource-id = 'android:id/text1']"}[39m
[38;5;0m[HTTP][0m [37m<-- POST /wd/hub/session/c0a865ca-07ba-4a28-95e0-dcd2480bcaf8/elements [39m[32m200[39m [90m1064 ms - 139[39m
[38;5;0m[HTTP][0m [90m[39m
[38;5;0m[HTTP][0m [37m-->[39m [37mGET[39m [37m/wd/hub/session/c0a865ca-07ba-4a28-95e0-dcd2480bcaf8/source[39m
[38;5;0m[HTTP][0m [90m{}[39m
[38;5;48m[AndroidUiautomator2Driver@bb41 (c0a865ca)][0m Driver proxy active, passing request on via HTTP proxy
[38;5;48m[AndroidUiautomator2Driver@bb41 (c0a865ca)][0m Replacing sessionId e44a2c6a-1726-4c15-b779-819a8faf47db with c0a865ca-07ba-4a28-95e0-dcd2480bcaf8
[38;5;0m[HTTP][0m [37m<-- GET /wd/hub/session/c0a865ca-07ba-4a28-95e0-dcd2480bcaf8/source [39m[32m200[39m [90m643 ms - 9012[39m
[38;5;0m[HTTP][0m [90m[39m
[38;5;0m[HTTP][0m [37m-->[39m [37mGET[39m [37m/wd/hub/session/c0a865ca-07ba-4a28-95e0-dcd2480bcaf8/screenshot[39m
[38;5;0m[HTTP][0m [90m{}[39m
[38;5;0m[HTTP][0m [37m<-- GET /wd/hub/session/c0a865ca-07ba-4a28-95e0-dcd2480bcaf8/screenshot [39m[32m200[39m [90m1394 ms - 47028[39m
[38;5;0m[HTTP][0m [90m[39m
[38;5;0m[HTTP][0m [37m-->[39m [37mPOST[39m [37m/wd/hub/session/c0a865ca-07ba-4a28-95e0-dcd2480bcaf8/elements[39m
[38;5;0m[HTTP][0m [90m{"using":"xpath","value":"//*[@class = 'android.widget.CheckBox' and @resource-id = 'android:id/checkbox' and (@text = '' or . = '')]"}[39m
[38;5;0m[HTTP][0m [37m<-- POST /wd/hub/session/c0a865ca-07ba-4a28-95e0-dcd2480bcaf8/elements [39m[32m200[39m [90m1155 ms - 139[39m
[38;5;0m[HTTP][0m [90m[39m
[38;5;0m[HTTP][0m [37m-->[39m [37mGET[39m [37m/wd/hub/session/c0a865ca-07ba-4a28-95e0-dcd2480bcaf8/source[39m
[38;5;0m[HTTP][0m [90m{}[39m
[38;5;48m[AndroidUiautomator2Driver@bb41 (c0a865ca)][0m Driver proxy active, passing request on via HTTP proxy
[38;5;48m[AndroidUiautomator2Driver@bb41 (c0a865ca)][0m Replacing sessionId e44a2c6a-1726-4c15-b779-819a8faf47db with c0a865ca-07ba-4a28-95e0-dcd2480bcaf8
[38;5;0m[HTTP][0m [37m<-- GET /wd/hub/session/c0a865ca-07ba-4a28-95e0-dcd2480bcaf8/source [39m[32m200[39m [90m638 ms - 9008[39m
[38;5;0m[HTTP][0m [90m[39m
[38;5;0m[HTTP][0m [37m-->[39m [37mGET[39m [37m/wd/hub/session/c0a865ca-07ba-4a28-95e0-dcd2480bcaf8/screenshot[39m
[38;5;0m[HTTP][0m [90m{}[39m
[38;5;0m[HTTP][0m [37m<-- GET /wd/hub/session/c0a865ca-07ba-4a28-95e0-dcd2480bcaf8/screenshot [39m[32m200[39m [90m1402 ms - 47936[39m
[38;5;0m[HTTP][0m [90m[39m
[38;5;0m[HTTP][0m [37m-->[39m [37mPOST[39m [37m/wd/hub/session/c0a865ca-07ba-4a28-95e0-dcd2480bcaf8/elements[39m
[38;5;0m[HTTP][0m [90m{"using":"xpath","value":"//*[@class = 'android.widget.RelativeLayout' and (@text = '' or . = '')]"}[39m
[38;5;0m[HTTP][0m [37m<-- POST /wd/hub/session/c0a865ca-07ba-4a28-95e0-dcd2480bcaf8/elements [39m[32m200[39m [90m1068 ms - 267[39m
[38;5;0m[HTTP][0m [90m[39m
[38;5;0m[HTTP][0m [37m-->[39m [37mPOST[39m [37m/wd/hub/session/c0a865ca-07ba-4a28-95e0-dcd2480bcaf8/elements[39m
[38;5;0m[HTTP][0m [90m{"using":"-android uiautomator","value":"new UiSelector().className(\"android.widget.RelativeLayout\")"}[39m
[38;5;0m[HTTP][0m [37m<-- POST /wd/hub/session/c0a865ca-07ba-4a28-95e0-dcd2480bcaf8/elements [39m[32m200[39m [90m390 ms - 267[39m
[38;5;0m[HTTP][0m [90m[39m
[38;5;0m[HTTP][0m [37m-->[39m [37mPOST[39m [37m/wd/hub/session/c0a865ca-07ba-4a28-95e0-dcd2480bcaf8/elements[39m
[38;5;0m[HTTP][0m [90m{"using":"xpath","value":"//*[@class = 'android.widget.TextView' and (@text = 'WiFi settings' or . = 'WiFi settings') and @resource-id = 'android:id/title']"}[39m
[38;5;0m[HTTP][0m [37m<-- POST /wd/hub/session/c0a865ca-07ba-4a28-95e0-dcd2480bcaf8/elements [39m[32m200[39m [90m1120 ms - 139[39m
[38;5;0m[HTTP][0m [90m[39m
[38;5;0m[HTTP][0m [37m-->[39m [37mGET[39m [37m/wd/hub/session/c0a865ca-07ba-4a28-95e0-dcd2480bcaf8/source[39m
[38;5;0m[HTTP][0m [90m{}[39m
[38;5;48m[AndroidUiautomator2Driver@bb41 (c0a865ca)][0m Driver proxy active, passing request on via HTTP proxy
[38;5;48m[AndroidUiautomator2Driver@bb41 (c0a865ca)][0m Replacing sessionId e44a2c6a-1726-4c15-b779-819a8faf47db with c0a865ca-07ba-4a28-95e0-dcd2480bcaf8
[38;5;0m[HTTP][0m [37m<-- GET /wd/hub/session/c0a865ca-07ba-4a28-95e0-dcd2480bcaf8/source [39m[32m200[39m [90m507 ms - 7344[39m
[38;5;0m[HTTP][0m [90m[39m
[38;5;0m[HTTP][0m [37m-->[39m [37mGET[39m [37m/wd/hub/session/c0a865ca-07ba-4a28-95e0-dcd2480bcaf8/screenshot[39m
[38;5;0m[HTTP][0m [90m{}[39m
[38;5;0m[HTTP][0m [37m<-- GET /wd/hub/session/c0a865ca-07ba-4a28-95e0-dcd2480bcaf8/screenshot [39m[32m200[39m [90m1422 ms - 114656[39m
[38;5;0m[HTTP][0m [90m[39m
[38;5;0m[HTTP][0m [37m-->[39m [37mPOST[39m [37m/wd/hub/session/c0a865ca-07ba-4a28-95e0-dcd2480bcaf8/elements[39m
[38;5;0m[HTTP][0m [90m{"using":"xpath","value":"//*[@class = 'android.widget.EditText' and @resource-id = 'android:id/edit' and (@text = '' or . = '')]"}[39m
[38;5;0m[HTTP][0m [37m<-- POST /wd/hub/session/c0a865ca-07ba-4a28-95e0-dcd2480bcaf8/elements [39m[32m200[39m [90m986 ms - 139[39m
[38;5;0m[HTTP][0m [90m[39m
[38;5;0m[HTTP][0m [37m-->[39m [37mGET[39m [37m/wd/hub/session/c0a865ca-07ba-4a28-95e0-dcd2480bcaf8/source[39m
[38;5;0m[HTTP][0m [90m{}[39m
[38;5;48m[AndroidUiautomator2Driver@bb41 (c0a865ca)][0m Driver proxy active, passing request on via HTTP proxy
[38;5;48m[AndroidUiautomator2Driver@bb41 (c0a865ca)][0m Replacing sessionId e44a2c6a-1726-4c15-b779-819a8faf47db with c0a865ca-07ba-4a28-95e0-dcd2480bcaf8
[38;5;0m[HTTP][0m [37m<-- GET /wd/hub/session/c0a865ca-07ba-4a28-95e0-dcd2480bcaf8/source [39m[32m200[39m [90m599 ms - 9008[39m
[38;5;0m[HTTP][0m [90m[39m
[38;5;0m[HTTP][0m [37m-->[39m [37mGET[39m [37m/wd/hub/session/c0a865ca-07ba-4a28-95e0-dcd2480bcaf8/screenshot[39m
[38;5;0m[HTTP][0m [90m{}[39m
[38;5;0m[HTTP][0m [37m<-- GET /wd/hub/session/c0a865ca-07ba-4a28-95e0-dcd2480bcaf8/screenshot [39m[32m200[39m [90m1262 ms - 48000[39m
[38;5;0m[HTTP][0m [90m[39m
[38;5;0m[HTTP][0m [37m-->[39m [37mDELETE[39m [37m/wd/hub/session/c0a865ca-07ba-4a28-95e0-dcd2480bcaf8[39m
[38;5;0m[HTTP][0m [90m{}[39m
[38;5;16m[AppiumDriver@05fc][0m Removing session c0a865ca-07ba-4a28-95e0-dcd2480bcaf8 from our master session list
[38;5;48m[AndroidUiautomator2Driver@bb41 (c0a865ca)][0m Restoring hidden api policy to the device default configuration
[38;5;0m[HTTP][0m [37m<-- DELETE /wd/hub/session/c0a865ca-07ba-4a28-95e0-dcd2480bcaf8 [39m[32m200[39m [90m545 ms - 14[39m
[38;5;0m[HTTP][0m [90m[39m
